Started GET "/" for 127.0.0.1 at 2018-09-10 11:53:56 -0400
  
ActiveRecord::NoDatabaseError (FATAL:  database "userlogin_development" does not exist
):
  
activerecord (5.2.1) lib/active_record/connection_adapters/postgresql_adapter.rb:688:in `rescue in connect'
activerecord (5.2.1) lib/active_record/connection_adapters/postgresql_adapter.rb:683:in `connect'
activerecord (5.2.1) lib/active_record/connection_adapters/postgresql_adapter.rb:215:in `initialize'
activerecord (5.2.1) lib/active_record/connection_adapters/postgresql_adapter.rb:40:in `new'
activerecord (5.2.1) lib/active_record/connection_adapters/postgresql_adapter.rb:40:in `postgresql_connection'
activerecord (5.2.1) lib/active_record/connection_adapters/abstract/connection_pool.rb:809:in `new_connection'
activerecord (5.2.1) lib/active_record/connection_adapters/abstract/connection_pool.rb:853:in `checkout_new_connection'
activerecord (5.2.1) lib/active_record/connection_adapters/abstract/connection_pool.rb:832:in `try_to_checkout_new_connection'
activerecord (5.2.1) lib/active_record/connection_adapters/abstract/connection_pool.rb:793:in `acquire_connection'
activerecord (5.2.1) lib/active_record/connection_adapters/abstract/connection_pool.rb:521:in `checkout'
activerecord (5.2.1) lib/active_record/connection_adapters/abstract/connection_pool.rb:380:in `connection'
activerecord (5.2.1) lib/active_record/connection_adapters/abstract/connection_pool.rb:1008:in `retrieve_connection'
activerecord (5.2.1) lib/active_record/connection_handling.rb:118:in `retrieve_connection'
activerecord (5.2.1) lib/active_record/connection_handling.rb:90:in `connection'
activerecord (5.2.1) lib/active_record/migration.rb:554:in `call'
actionpack (5.2.1) lib/action_dispatch/middleware/callbacks.rb:28:in `block in call'
activesupport (5.2.1) lib/active_support/callbacks.rb:98:in `run_callbacks'
actionpack (5.2.1) lib/action_dispatch/middleware/callbacks.rb:26:in `call'
actionpack (5.2.1) lib/action_dispatch/middleware/executor.rb:14:in `call'
actionpack (5.2.1) lib/action_dispatch/middleware/debug_exceptions.rb:61:in `call'
web-console (3.7.0) lib/web_console/middleware.rb:135:in `call_app'
web-console (3.7.0) lib/web_console/middleware.rb:30:in `block in call'
web-console (3.7.0) lib/web_console/middleware.rb:20:in `catch'
web-console (3.7.0) lib/web_console/middleware.rb:20:in `call'
actionpack (5.2.1) lib/action_dispatch/middleware/show_exceptions.rb:33:in `call'
railties (5.2.1) lib/rails/rack/logger.rb:38:in `call_app'
railties (5.2.1) lib/rails/rack/logger.rb:26:in `block in call'
activesupport (5.2.1) lib/active_support/tagged_logging.rb:71:in `block in tagged'
activesupport (5.2.1) lib/active_support/tagged_logging.rb:28:in `tagged'
activesupport (5.2.1) lib/active_support/tagged_logging.rb:71:in `tagged'
railties (5.2.1) lib/rails/rack/logger.rb:26:in `call'
sprockets-rails (3.2.1) lib/sprockets/rails/quiet_assets.rb:13:in `call'
actionpack (5.2.1) lib/action_dispatch/middleware/remote_ip.rb:81:in `call'
actionpack (5.2.1) lib/action_dispatch/middleware/request_id.rb:27:in `call'
rack (2.0.5) lib/rack/method_override.rb:22:in `call'
rack (2.0.5) lib/rack/runtime.rb:22:in `call'
activesupport (5.2.1) lib/active_support/cache/strategy/local_cache_middleware.rb:29:in `call'
actionpack (5.2.1) lib/action_dispatch/middleware/executor.rb:14:in `call'
actionpack (5.2.1) lib/action_dispatch/middleware/static.rb:127:in `call'
rack (2.0.5) lib/rack/sendfile.rb:111:in `call'
railties (5.2.1) lib/rails/engine.rb:524:in `call'
puma (3.12.0) lib/puma/configuration.rb:225:in `call'
puma (3.12.0) lib/puma/server.rb:658:in `handle_request'
puma (3.12.0) lib/puma/server.rb:472:in `process_client'
puma (3.12.0) lib/puma/server.rb:332:in `block in run'
puma (3.12.0) lib/puma/thread_pool.rb:133:in `block in spawn_thread'
  [1m[35m (3810.0ms)[0m  [1m[35mCREATE DATABASE "userlogin_development" ENCODING = 'unicode'[0m
  ↳ bin/rails:9
  [1m[35m (809.8ms)[0m  [1m[35mCREATE DATABASE "userlogin_test" ENCODING = 'unicode'[0m
  ↳ bin/rails:9
Started GET "/" for 127.0.0.1 at 2018-09-10 11:55:58 -0400
Processing by StaticPagesController#root as HTML
  Rendering static_pages/root.html.erb within layouts/application
  Rendered static_pages/root.html.erb within layouts/application (0.5ms)
Completed 200 OK in 11997ms (Views: 11980.8ms | ActiveRecord: 0.0ms)


  [1m[35m (488.5ms)[0m  [1m[35mCREATE TABLE "schema_migrations" ("version" character varying NOT NULL PRIMARY KEY)[0m
  ↳ bin/rails:9
  [1m[35m (290.1ms)[0m  [1m[35mCREATE TABLE "ar_internal_metadata" ("key" character varying NOT NULL PRIMARY KEY, "value" character varying, "created_at" timestamp NOT NULL, "updated_at" timestamp NOT NULL)[0m
  ↳ bin/rails:9
  [1m[35m (1.5ms)[0m  [1m[34mSELECT pg_try_advisory_lock(5734362190127176935)[0m
  ↳ bin/rails:9
  [1m[35m (28.5ms)[0m  [1m[34mSELECT "schema_migrations"."version" FROM "schema_migrations" ORDER BY "schema_migrations"."version" ASC[0m
  ↳ bin/rails:9
Migrating to CreateUsers (20180910155751)
  [1m[35m (0.3ms)[0m  [1m[35mBEGIN[0m
  ↳ bin/rails:9
  [1m[35m (168.8ms)[0m  [1m[35mCREATE TABLE "users" ("id" bigserial primary key, "username" character varying NOT NULL, "password_digest" character varying NOT NULL, "session_token" character varying NOT NULL)[0m
  ↳ db/migrate/20180910155751_create_users.rb:3
  [1m[35m (9.6ms)[0m  [1m[35mCREATE UNIQUE INDEX  "index_users_on_username" ON "users"  ("username")[0m
  ↳ db/migrate/20180910155751_create_users.rb:8
  [1m[35m (1.7ms)[0m  [1m[35mCREATE UNIQUE INDEX  "index_users_on_session_token" ON "users"  ("session_token")[0m
  ↳ db/migrate/20180910155751_create_users.rb:9
  [1m[36mActiveRecord::SchemaMigration Create (41.9ms)[0m  [1m[32mINSERT INTO "schema_migrations" ("version") VALUES ($1) RETURNING "version"[0m  [["version", "20180910155751"]]
  ↳ bin/rails:9
  [1m[35m (3.7ms)[0m  [1m[35mCOMMIT[0m
  ↳ bin/rails:9
  [1m[36mActiveRecord::InternalMetadata Load (53.6ms)[0m  [1m[34mSELECT  "ar_internal_metadata".* FROM "ar_internal_metadata" WHERE "ar_internal_metadata"."key" = $1 LIMIT $2[0m  [["key", "environment"], ["LIMIT", 1]]
  ↳ bin/rails:9
  [1m[35m (0.2ms)[0m  [1m[35mBEGIN[0m
  ↳ bin/rails:9
  [1m[36mActiveRecord::InternalMetadata Create (14.2ms)[0m  [1m[32mINSERT INTO "ar_internal_metadata" ("key", "value", "created_at", "updated_at") VALUES ($1, $2, $3, $4) RETURNING "key"[0m  [["key", "environment"], ["value", "development"], ["created_at", "2018-09-10 16:01:15.547562"], ["updated_at", "2018-09-10 16:01:15.547562"]]
  ↳ bin/rails:9
  [1m[35m (0.6ms)[0m  [1m[35mCOMMIT[0m
  ↳ bin/rails:9
  [1m[35m (0.5ms)[0m  [1m[34mSELECT pg_advisory_unlock(5734362190127176935)[0m
  ↳ bin/rails:9
  [1m[35m (20.7ms)[0m  [1m[34mSELECT "schema_migrations"."version" FROM "schema_migrations" ORDER BY "schema_migrations"."version" ASC[0m
  ↳ bin/rails:9
Started GET "/" for 127.0.0.1 at 2018-09-10 17:24:32 -0400
  [1m[35m (51.3ms)[0m  [1m[34mSELECT "schema_migrations"."version" FROM "schema_migrations" ORDER BY "schema_migrations"."version" ASC[0m
  ↳ /Users/qidizhai/.rvm/gems/ruby-2.5.0/gems/activerecord-5.2.1/lib/active_record/log_subscriber.rb:98
Processing by StaticPagesController#root as HTML
  Rendering static_pages/root.html.erb within layouts/application
  Rendered static_pages/root.html.erb within layouts/application (1.7ms)
Completed 200 OK in 342ms (Views: 312.1ms | ActiveRecord: 0.0ms)


Started GET "/" for 127.0.0.1 at 2018-09-10 17:27:53 -0400
Processing by StaticPagesController#root as HTML
  Rendering static_pages/root.html.erb within layouts/application
  Rendered static_pages/root.html.erb within layouts/application (0.7ms)
Completed 200 OK in 124ms (Views: 122.3ms | ActiveRecord: 0.0ms)


Started GET "/" for 127.0.0.1 at 2018-09-10 17:32:15 -0400
Processing by StaticPagesController#root as HTML
  Rendering static_pages/root.html.erb within layouts/application
  Rendered static_pages/root.html.erb within layouts/application (0.4ms)
Completed 200 OK in 101ms (Views: 99.7ms | ActiveRecord: 0.0ms)


Started GET "/" for 127.0.0.1 at 2018-09-10 17:42:05 -0400
Processing by StaticPagesController#root as HTML
  Rendering static_pages/root.html.erb within layouts/application
  Rendered static_pages/root.html.erb within layouts/application (1.1ms)
Completed 200 OK in 101ms (Views: 98.4ms | ActiveRecord: 0.0ms)


Started GET "/" for 127.0.0.1 at 2018-09-10 18:22:03 -0400
Processing by StaticPagesController#root as HTML
  Rendering static_pages/root.html.erb within layouts/application
  Rendered static_pages/root.html.erb within layouts/application (1.5ms)
Completed 500 Internal Server Error in 454ms (ActiveRecord: 0.0ms)


  
ActionView::Template::Error (couldn't find file 'jquery' with type 'application/javascript'
Checked in these paths: 
  /Users/qidizhai/userlogin/app/assets/config
  /Users/qidizhai/userlogin/app/assets/images
  /Users/qidizhai/userlogin/app/assets/javascripts
  /Users/qidizhai/userlogin/app/assets/stylesheets
  /Users/qidizhai/.rvm/gems/ruby-2.5.0/gems/coffee-rails-4.2.2/lib/assets/javascripts
  /Users/qidizhai/.rvm/gems/ruby-2.5.0/gems/actioncable-5.2.1/lib/assets/compiled
  /Users/qidizhai/.rvm/gems/ruby-2.5.0/gems/activestorage-5.2.1/app/assets/javascripts
  /Users/qidizhai/.rvm/gems/ruby-2.5.0/gems/actionview-5.2.1/lib/assets/compiled
  /Users/qidizhai/userlogin/node_modules):
     6:     <%= csp_meta_tag %>
     7: 
     8:     <%= stylesheet_link_tag    'application', media: 'all' %>
     9:     <%= javascript_include_tag 'application' %>
    10:   </head>
    11: 
    12:   <body>
  
app/assets/javascripts/application.js:15
app/views/layouts/application.html.erb:9:in `_app_views_layouts_application_html_erb__1806177144369283559_70233675100520'
Started GET "/" for 127.0.0.1 at 2018-09-10 18:23:28 -0400
Processing by StaticPagesController#root as HTML
  Rendering static_pages/root.html.erb within layouts/application
  Rendered static_pages/root.html.erb within layouts/application (0.8ms)
Completed 500 Internal Server Error in 45ms (ActiveRecord: 0.0ms)


  
ActionView::Template::Error (couldn't find file 'jquery' with type 'application/javascript'
Checked in these paths: 
  /Users/qidizhai/userlogin/app/assets/config
  /Users/qidizhai/userlogin/app/assets/images
  /Users/qidizhai/userlogin/app/assets/javascripts
  /Users/qidizhai/userlogin/app/assets/stylesheets
  /Users/qidizhai/.rvm/gems/ruby-2.5.0/gems/coffee-rails-4.2.2/lib/assets/javascripts
  /Users/qidizhai/.rvm/gems/ruby-2.5.0/gems/actioncable-5.2.1/lib/assets/compiled
  /Users/qidizhai/.rvm/gems/ruby-2.5.0/gems/activestorage-5.2.1/app/assets/javascripts
  /Users/qidizhai/.rvm/gems/ruby-2.5.0/gems/actionview-5.2.1/lib/assets/compiled
  /Users/qidizhai/userlogin/node_modules):
     6:     <%= csp_meta_tag %>
     7: 
     8:     <%= stylesheet_link_tag    'application', media: 'all' %>
     9:     <%= javascript_include_tag 'application' %>
    10:   </head>
    11: 
    12:   <body>
  
app/assets/javascripts/application.js:15
app/views/layouts/application.html.erb:9:in `_app_views_layouts_application_html_erb__1806177144369283559_70233683910760'
Started GET "/" for 127.0.0.1 at 2018-09-10 18:30:55 -0400
Processing by StaticPagesController#root as HTML
  Rendering static_pages/root.html.erb within layouts/application
  Rendered static_pages/root.html.erb within layouts/application (0.4ms)
Completed 500 Internal Server Error in 110ms (ActiveRecord: 0.0ms)


  
ActionView::Template::Error (couldn't find file 'jquery' with type 'application/javascript'
Checked in these paths: 
  /Users/qidizhai/userlogin/app/assets/config
  /Users/qidizhai/userlogin/app/assets/images
  /Users/qidizhai/userlogin/app/assets/javascripts
  /Users/qidizhai/userlogin/app/assets/stylesheets
  /Users/qidizhai/.rvm/gems/ruby-2.5.0/gems/coffee-rails-4.2.2/lib/assets/javascripts
  /Users/qidizhai/.rvm/gems/ruby-2.5.0/gems/actioncable-5.2.1/lib/assets/compiled
  /Users/qidizhai/.rvm/gems/ruby-2.5.0/gems/activestorage-5.2.1/app/assets/javascripts
  /Users/qidizhai/.rvm/gems/ruby-2.5.0/gems/actionview-5.2.1/lib/assets/compiled
  /Users/qidizhai/userlogin/node_modules):
     6:     <%= javascript_include_tag "https://maps.googleapis.com/maps/api/js?key=AIzaSyAPjYkDq0-iiCd6W5-qCw46J-r0EW39L1U"%>
     7:     <%= stylesheet_link_tag 'application', media: 'all'%>
     8:     <%= csrf_meta_tags %>
     9:     <%= javascript_include_tag 'application' %>
    10:     <%= favicon_link_tag 'favicon.png' %>
    11: 
    12:     <script src="http://widget.cloudinary.com/global/all.js" type="text/javascript"></script>
  
app/assets/javascripts/application.js:15
app/views/layouts/application.html.erb:9:in `_app_views_layouts_application_html_erb__1806177144369283559_70233668750840'
Started GET "/" for 127.0.0.1 at 2018-09-10 18:35:19 -0400
Processing by StaticPagesController#root as HTML
  Rendering static_pages/root.html.erb within layouts/application
  Rendered static_pages/root.html.erb within layouts/application (0.4ms)
Completed 500 Internal Server Error in 124ms (ActiveRecord: 0.0ms)


  
ActionView::Template::Error (couldn't find file 'jquery' with type 'application/javascript'
Checked in these paths: 
  /Users/qidizhai/userlogin/app/assets/config
  /Users/qidizhai/userlogin/app/assets/images
  /Users/qidizhai/userlogin/app/assets/javascripts
  /Users/qidizhai/userlogin/app/assets/stylesheets
  /Users/qidizhai/.rvm/gems/ruby-2.5.0/gems/coffee-rails-4.2.2/lib/assets/javascripts
  /Users/qidizhai/.rvm/gems/ruby-2.5.0/gems/actioncable-5.2.1/lib/assets/compiled
  /Users/qidizhai/.rvm/gems/ruby-2.5.0/gems/activestorage-5.2.1/app/assets/javascripts
  /Users/qidizhai/.rvm/gems/ruby-2.5.0/gems/actionview-5.2.1/lib/assets/compiled
  /Users/qidizhai/userlogin/node_modules):
     6:     <%= javascript_include_tag "https://maps.googleapis.com/maps/api/js?key=AIzaSyAPjYkDq0-iiCd6W5-qCw46J-r0EW39L1U"%>
     7:     <%= stylesheet_link_tag 'application', media: 'all'%>
     8:     <%= csrf_meta_tags %>
     9:     <%= javascript_include_tag 'application' %>
    10:     <%= favicon_link_tag 'favicon.png' %>
    11: 
    12:     <script src="http://widget.cloudinary.com/global/all.js" type="text/javascript"></script>
  
app/assets/javascripts/application.js:16
app/views/layouts/application.html.erb:9:in `_app_views_layouts_application_html_erb__1806177144369283559_70233676118480'
Started GET "/" for 127.0.0.1 at 2018-09-10 18:40:25 -0400
Processing by StaticPagesController#root as HTML
  Rendering static_pages/root.html.erb within layouts/application
  Rendered static_pages/root.html.erb within layouts/application (1.7ms)
Completed 500 Internal Server Error in 201ms (ActiveRecord: 0.0ms)


  
ActionView::Template::Error (couldn't find file 'jquery' with type 'application/javascript'
Checked in these paths: 
  /Users/qidizhai/userlogin/app/assets/config
  /Users/qidizhai/userlogin/app/assets/images
  /Users/qidizhai/userlogin/app/assets/javascripts
  /Users/qidizhai/userlogin/app/assets/stylesheets
  /Users/qidizhai/.rvm/gems/ruby-2.5.0/gems/coffee-rails-4.2.2/lib/assets/javascripts
  /Users/qidizhai/.rvm/gems/ruby-2.5.0/gems/actioncable-5.2.1/lib/assets/compiled
  /Users/qidizhai/.rvm/gems/ruby-2.5.0/gems/activestorage-5.2.1/app/assets/javascripts
  /Users/qidizhai/.rvm/gems/ruby-2.5.0/gems/actionview-5.2.1/lib/assets/compiled
  /Users/qidizhai/userlogin/node_modules):
     6:     <%= javascript_include_tag "https://maps.googleapis.com/maps/api/js?key=AIzaSyAPjYkDq0-iiCd6W5-qCw46J-r0EW39L1U"%>
     7:     <%= stylesheet_link_tag 'application', media: 'all'%>
     8:     <%= csrf_meta_tags %>
     9:     <%= javascript_include_tag 'application' %>
    10:     <%= favicon_link_tag 'favicon.png' %>
    11: 
    12:     <script src="http://widget.cloudinary.com/global/all.js" type="text/javascript"></script>
  
app/assets/javascripts/application.js:16
app/views/layouts/application.html.erb:9:in `_app_views_layouts_application_html_erb__1806177144369283559_70233718681080'
Started GET "/" for 127.0.0.1 at 2018-09-10 18:41:49 -0400
Processing by StaticPagesController#root as HTML
  Rendering static_pages/root.html.erb within layouts/application
  Rendered static_pages/root.html.erb within layouts/application (0.8ms)
Completed 500 Internal Server Error in 91ms (ActiveRecord: 0.0ms)


  
ActionView::Template::Error (couldn't find file 'jquery' with type 'application/javascript'
Checked in these paths: 
  /Users/qidizhai/userlogin/app/assets/config
  /Users/qidizhai/userlogin/app/assets/images
  /Users/qidizhai/userlogin/app/assets/javascripts
  /Users/qidizhai/userlogin/app/assets/stylesheets
  /Users/qidizhai/.rvm/gems/ruby-2.5.0/gems/coffee-rails-4.2.2/lib/assets/javascripts
  /Users/qidizhai/.rvm/gems/ruby-2.5.0/gems/actioncable-5.2.1/lib/assets/compiled
  /Users/qidizhai/.rvm/gems/ruby-2.5.0/gems/activestorage-5.2.1/app/assets/javascripts
  /Users/qidizhai/.rvm/gems/ruby-2.5.0/gems/actionview-5.2.1/lib/assets/compiled
  /Users/qidizhai/userlogin/node_modules):
     6:     <%= javascript_include_tag "https://maps.googleapis.com/maps/api/js?key=AIzaSyAPjYkDq0-iiCd6W5-qCw46J-r0EW39L1U"%>
     7:     <%= stylesheet_link_tag 'application', media: 'all'%>
     8:     <%= csrf_meta_tags %>
     9:     <%= javascript_include_tag 'application' %>
    10:     <%= favicon_link_tag 'favicon.png' %>
    11: 
    12:     <script src="http://widget.cloudinary.com/global/all.js" type="text/javascript"></script>
  
app/assets/javascripts/application.js:16
app/views/layouts/application.html.erb:9:in `_app_views_layouts_application_html_erb__1806177144369283559_70233717926780'
Started GET "/" for 127.0.0.1 at 2018-09-10 18:45:54 -0400
Processing by StaticPagesController#root as HTML
  Rendering static_pages/root.html.erb within layouts/application
  Rendered static_pages/root.html.erb within layouts/application (0.8ms)
Completed 500 Internal Server Error in 192ms (ActiveRecord: 0.0ms)


  
ActionView::Template::Error (couldn't find file 'jquery' with type 'application/javascript'
Checked in these paths: 
  /Users/qidizhai/userlogin/app/assets/config
  /Users/qidizhai/userlogin/app/assets/images
  /Users/qidizhai/userlogin/app/assets/javascripts
  /Users/qidizhai/userlogin/app/assets/stylesheets
  /Users/qidizhai/.rvm/gems/ruby-2.5.0/gems/coffee-rails-4.2.2/lib/assets/javascripts
  /Users/qidizhai/.rvm/gems/ruby-2.5.0/gems/actioncable-5.2.1/lib/assets/compiled
  /Users/qidizhai/.rvm/gems/ruby-2.5.0/gems/activestorage-5.2.1/app/assets/javascripts
  /Users/qidizhai/.rvm/gems/ruby-2.5.0/gems/actionview-5.2.1/lib/assets/compiled
  /Users/qidizhai/userlogin/node_modules):
     6:     <%= javascript_include_tag "https://maps.googleapis.com/maps/api/js?key=AIzaSyAPjYkDq0-iiCd6W5-qCw46J-r0EW39L1U"%>
     7:     <%= stylesheet_link_tag 'application', media: 'all'%>
     8:     <%= csrf_meta_tags %>
     9:     <%= javascript_include_tag 'application' %>
    10:     <%= favicon_link_tag 'favicon.png' %>
    11: 
    12:     <script src="http://widget.cloudinary.com/global/all.js" type="text/javascript"></script>
  
app/assets/javascripts/application.js:16
app/views/layouts/application.html.erb:9:in `_app_views_layouts_application_html_erb__1806177144369283559_70233709839740'
Started GET "/" for 127.0.0.1 at 2018-09-10 18:48:37 -0400
  [1m[35m (15.4ms)[0m  [1m[34mSELECT "schema_migrations"."version" FROM "schema_migrations" ORDER BY "schema_migrations"."version" ASC[0m
  ↳ /Users/qidizhai/.rvm/gems/ruby-2.5.0/gems/activerecord-5.2.1/lib/active_record/log_subscriber.rb:98
Processing by StaticPagesController#root as HTML
  Rendering static_pages/root.html.erb within layouts/application
  Rendered static_pages/root.html.erb within layouts/application (1.5ms)
Completed 500 Internal Server Error in 2708ms (ActiveRecord: 0.0ms)


  
ActionView::Template::Error (The asset "favicon.png" is not present in the asset pipeline.):
     7:     <%= stylesheet_link_tag 'application', media: 'all'%>
     8:     <%= csrf_meta_tags %>
     9:     <%= javascript_include_tag 'application' %>
    10:     <%= favicon_link_tag 'favicon.png' %>
    11: 
    12:     <script src="http://widget.cloudinary.com/global/all.js" type="text/javascript"></script>
    13:     <script type="text/javascript">
  
app/views/layouts/application.html.erb:10:in `_app_views_layouts_application_html_erb___2956298288170625694_70204757847740'
Started GET "/" for 127.0.0.1 at 2018-09-10 18:49:46 -0400
Processing by StaticPagesController#root as HTML
  Rendering static_pages/root.html.erb within layouts/application
  Rendered static_pages/root.html.erb within layouts/application (0.4ms)
Completed 200 OK in 54ms (Views: 52.4ms | ActiveRecord: 0.0ms)


Started GET "/" for 127.0.0.1 at 2018-09-10 18:50:56 -0400
Processing by StaticPagesController#root as HTML
  Rendering static_pages/root.html.erb within layouts/application
  Rendered static_pages/root.html.erb within layouts/application (0.5ms)
Completed 200 OK in 232ms (Views: 230.7ms | ActiveRecord: 0.0ms)


Started GET "/" for 127.0.0.1 at 2018-09-10 18:52:50 -0400
Processing by StaticPagesController#root as HTML
  Rendering static_pages/root.html.erb within layouts/application
  Rendered static_pages/root.html.erb within layouts/application (0.4ms)
Completed 200 OK in 260ms (Views: 257.2ms | ActiveRecord: 0.0ms)


Started GET "/" for 127.0.0.1 at 2018-09-10 18:53:33 -0400
Processing by StaticPagesController#root as HTML
  Rendering static_pages/root.html.erb within layouts/application
  Rendered static_pages/root.html.erb within layouts/application (0.4ms)
Completed 200 OK in 432ms (Views: 430.6ms | ActiveRecord: 0.0ms)


Started GET "/" for 127.0.0.1 at 2018-09-10 18:54:09 -0400
Processing by StaticPagesController#root as HTML
  Rendering static_pages/root.html.erb within layouts/application
  Rendered static_pages/root.html.erb within layouts/application (0.4ms)
Completed 200 OK in 238ms (Views: 236.9ms | ActiveRecord: 0.0ms)


Started GET "/" for 127.0.0.1 at 2018-09-10 18:54:53 -0400
Processing by StaticPagesController#root as HTML
  Rendering static_pages/root.html.erb within layouts/application
  Rendered static_pages/root.html.erb within layouts/application (1.5ms)
Completed 200 OK in 385ms (Views: 381.9ms | ActiveRecord: 0.0ms)


Started POST "/api/session" for 127.0.0.1 at 2018-09-10 18:55:43 -0400
Processing by Api::SessionsController#create as JSON
  Parameters: {"user"=>{"username"=>"Blake", "password"=>"[FILTERED]"}}
Completed 500 Internal Server Error in 47ms (ActiveRecord: 0.0ms)


  
SyntaxError (/Users/qidizhai/userlogin/app/models/user.rb:1: class/module name must be CONSTANT
class user < ApplicationRecord
           ^):
  
app/models/user.rb:1: class/module name must be CONSTANT
app/controllers/api/sessions_controller.rb:3:in `create'
Started GET "/" for 127.0.0.1 at 2018-09-10 19:03:34 -0400
Processing by StaticPagesController#root as HTML
  Rendering static_pages/root.html.erb within layouts/application
  Rendered static_pages/root.html.erb within layouts/application (0.4ms)
Completed 200 OK in 183ms (Views: 181.3ms | ActiveRecord: 0.0ms)


Started GET "/" for 127.0.0.1 at 2018-09-10 19:07:49 -0400
Processing by StaticPagesController#root as HTML
  Rendering static_pages/root.html.erb within layouts/application
  Rendered static_pages/root.html.erb within layouts/application (0.4ms)
Completed 200 OK in 436ms (Views: 432.8ms | ActiveRecord: 0.0ms)


Started POST "/api/user" for 127.0.0.1 at 2018-09-10 19:07:58 -0400
Processing by Api::UsersController#create as JSON
  Parameters: {"user"=>{"username"=>"ok", "password"=>"[FILTERED]"}}
Completed 500 Internal Server Error in 6ms (ActiveRecord: 0.0ms)


  
SyntaxError (/Users/qidizhai/userlogin/app/models/user.rb:1: class/module name must be CONSTANT
class user < ApplicationRecord
           ^):
  
app/models/user.rb:1: class/module name must be CONSTANT
app/controllers/api/users_controller.rb:3:in `create'
Started GET "/" for 127.0.0.1 at 2018-09-10 19:12:10 -0400
Processing by StaticPagesController#root as HTML
  Rendering static_pages/root.html.erb within layouts/application
  Rendered static_pages/root.html.erb within layouts/application (0.8ms)
Completed 200 OK in 282ms (Views: 279.3ms | ActiveRecord: 0.0ms)


Started POST "/api/user" for 127.0.0.1 at 2018-09-10 19:12:22 -0400
Processing by Api::UsersController#create as JSON
  Parameters: {"user"=>{"username"=>"Blake", "password"=>"[FILTERED]"}}
Completed 500 Internal Server Error in 10ms (ActiveRecord: 0.0ms)


  
SyntaxError (/Users/qidizhai/userlogin/app/models/user.rb:1: class/module name must be CONSTANT
class user < ApplicationRecord
           ^):
  
app/models/user.rb:1: class/module name must be CONSTANT
app/controllers/api/users_controller.rb:3:in `create'
Started GET "/" for 127.0.0.1 at 2018-09-10 19:13:36 -0400
Processing by StaticPagesController#root as HTML
  Rendering static_pages/root.html.erb within layouts/application
  Rendered static_pages/root.html.erb within layouts/application (0.4ms)
Completed 200 OK in 37ms (Views: 34.9ms | ActiveRecord: 0.0ms)


Started POST "/api/user" for 127.0.0.1 at 2018-09-10 19:13:44 -0400
Processing by Api::UsersController#create as JSON
  Parameters: {"user"=>{"username"=>"Blake", "password"=>"[FILTERED]"}}
Completed 500 Internal Server Error in 12ms (ActiveRecord: 0.0ms)


  
SyntaxError (/Users/qidizhai/userlogin/app/models/user.rb:1: class/module name must be CONSTANT
class user < ApplicationRecord
           ^):
  
app/models/user.rb:1: class/module name must be CONSTANT
app/controllers/api/users_controller.rb:3:in `create'
Started GET "/" for 127.0.0.1 at 2018-09-10 19:14:17 -0400
Processing by StaticPagesController#root as HTML
  Rendering static_pages/root.html.erb within layouts/application
  Rendered static_pages/root.html.erb within layouts/application (0.5ms)
Completed 200 OK in 97ms (Views: 95.3ms | ActiveRecord: 0.0ms)


Started POST "/api/user" for 127.0.0.1 at 2018-09-10 19:14:23 -0400
Processing by Api::UsersController#create as JSON
  Parameters: {"user"=>{"username"=>"Blake", "password"=>"[FILTERED]"}}
Completed 500 Internal Server Error in 13ms (ActiveRecord: 0.0ms)


  
SyntaxError (/Users/qidizhai/userlogin/app/models/user.rb:1: class/module name must be CONSTANT
class user < ApplicationRecord
           ^):
  
app/models/user.rb:1: class/module name must be CONSTANT
app/controllers/api/users_controller.rb:3:in `create'
Started GET "/" for 127.0.0.1 at 2018-09-10 19:15:33 -0400
Processing by StaticPagesController#root as HTML
  Rendering static_pages/root.html.erb within layouts/application
  Rendered static_pages/root.html.erb within layouts/application (0.4ms)
Completed 200 OK in 86ms (Views: 83.8ms | ActiveRecord: 0.0ms)


Started POST "/api/user" for 127.0.0.1 at 2018-09-10 19:15:40 -0400
Processing by Api::UsersController#create as JSON
  Parameters: {"user"=>{"username"=>"Blake", "password"=>"[FILTERED]"}}
Completed 500 Internal Server Error in 9ms (ActiveRecord: 0.0ms)


  
SyntaxError (/Users/qidizhai/userlogin/app/models/user.rb:1: class/module name must be CONSTANT
class user < ApplicationRecord
           ^):
  
app/models/user.rb:1: class/module name must be CONSTANT
app/controllers/api/users_controller.rb:3:in `create'
Started GET "/" for 127.0.0.1 at 2018-09-10 19:16:12 -0400
Processing by StaticPagesController#root as HTML
  Rendering static_pages/root.html.erb within layouts/application
  Rendered static_pages/root.html.erb within layouts/application (0.5ms)
Completed 200 OK in 103ms (Views: 101.6ms | ActiveRecord: 0.0ms)


Started POST "/api/user" for 127.0.0.1 at 2018-09-10 19:16:20 -0400
Processing by Api::UsersController#create as JSON
  Parameters: {"user"=>{"username"=>"blake", "password"=>"[FILTERED]"}}
Completed 500 Internal Server Error in 10ms (ActiveRecord: 0.0ms)


  
SyntaxError (/Users/qidizhai/userlogin/app/models/user.rb:1: class/module name must be CONSTANT
class user < ApplicationRecord
           ^):
  
app/models/user.rb:1: class/module name must be CONSTANT
app/controllers/api/users_controller.rb:3:in `create'
Started GET "/" for 127.0.0.1 at 2018-09-10 19:20:03 -0400
Processing by StaticPagesController#root as HTML
  Rendering static_pages/root.html.erb within layouts/application
  Rendered static_pages/root.html.erb within layouts/application (0.6ms)
Completed 200 OK in 266ms (Views: 264.2ms | ActiveRecord: 0.0ms)


Started POST "/api/user" for 127.0.0.1 at 2018-09-10 19:20:27 -0400
Processing by Api::UsersController#create as JSON
  Parameters: {"user"=>{"username"=>"liming", "password"=>"[FILTERED]"}}
Completed 500 Internal Server Error in 12ms (ActiveRecord: 0.0ms)


  
SyntaxError (/Users/qidizhai/userlogin/app/models/user.rb:1: class/module name must be CONSTANT
class user < ApplicationRecord
           ^):
  
app/models/user.rb:1: class/module name must be CONSTANT
app/controllers/api/users_controller.rb:3:in `create'
Started GET "/" for 127.0.0.1 at 2018-09-10 19:28:53 -0400
Processing by StaticPagesController#root as HTML
  Rendering static_pages/root.html.erb within layouts/application
  Rendered static_pages/root.html.erb within layouts/application (0.4ms)
Completed 200 OK in 140ms (Views: 138.4ms | ActiveRecord: 0.0ms)


Started POST "/api/user" for 127.0.0.1 at 2018-09-10 19:29:05 -0400
Processing by Api::UsersController#create as JSON
  Parameters: {"user"=>{"username"=>"liming", "password"=>"[FILTERED]"}}
Completed 500 Internal Server Error in 4ms (ActiveRecord: 0.0ms)


  
SyntaxError (/Users/qidizhai/userlogin/app/models/user.rb:1: class/module name must be CONSTANT
class user < ApplicationRecord
           ^):
  
app/models/user.rb:1: class/module name must be CONSTANT
app/controllers/api/users_controller.rb:3:in `create'
Started POST "/api/session" for 127.0.0.1 at 2018-09-10 19:37:22 -0400
Processing by Api::SessionsController#create as JSON
  Parameters: {"user"=>{"username"=>"sdsd", "password"=>"[FILTERED]"}}
Completed 500 Internal Server Error in 5ms (ActiveRecord: 0.0ms)


  
SyntaxError (/Users/qidizhai/userlogin/app/models/user.rb:1: class/module name must be CONSTANT
class user < ApplicationRecord
           ^):
  
app/models/user.rb:1: class/module name must be CONSTANT
app/controllers/api/sessions_controller.rb:3:in `create'
Started GET "/" for 127.0.0.1 at 2018-09-11 11:17:21 -0400
  [1m[35m (14.9ms)[0m  [1m[34mSELECT "schema_migrations"."version" FROM "schema_migrations" ORDER BY "schema_migrations"."version" ASC[0m
  ↳ /Users/qidizhai/.rvm/gems/ruby-2.5.0/gems/activerecord-5.2.1/lib/active_record/log_subscriber.rb:98
Processing by StaticPagesController#root as HTML
  Rendering static_pages/root.html.erb within layouts/application
  Rendered static_pages/root.html.erb within layouts/application (1.3ms)
Completed 200 OK in 11881ms (Views: 11878.8ms | ActiveRecord: 0.0ms)


Started POST "/api/session" for 127.0.0.1 at 2018-09-11 11:17:49 -0400
Processing by Api::SessionsController#create as JSON
  Parameters: {"user"=>{"username"=>"blake", "password"=>"[FILTERED]"}}
Completed 500 Internal Server Error in 3ms (ActiveRecord: 0.0ms)


  
SyntaxError (/Users/qidizhai/userlogin/app/models/user.rb:1: class/module name must be CONSTANT
class user < ApplicationRecord
           ^):
  
app/models/user.rb:1: class/module name must be CONSTANT
app/controllers/api/sessions_controller.rb:3:in `create'
Started GET "/" for 127.0.0.1 at 2018-09-11 11:55:16 -0400
  [1m[35m (19.2ms)[0m  [1m[34mSELECT "schema_migrations"."version" FROM "schema_migrations" ORDER BY "schema_migrations"."version" ASC[0m
  ↳ /Users/qidizhai/.rvm/gems/ruby-2.5.0/gems/activerecord-5.2.1/lib/active_record/log_subscriber.rb:98
Processing by StaticPagesController#root as HTML
  Rendering static_pages/root.html.erb within layouts/application
  Rendered static_pages/root.html.erb within layouts/application (1.4ms)
Completed 200 OK in 4358ms (Views: 4342.4ms | ActiveRecord: 0.0ms)


Started GET "/" for 127.0.0.1 at 2018-09-11 11:56:04 -0400
Processing by StaticPagesController#root as HTML
  Rendering static_pages/root.html.erb within layouts/application
  Rendered static_pages/root.html.erb within layouts/application (1.6ms)
Completed 200 OK in 151ms (Views: 148.1ms | ActiveRecord: 0.0ms)


Started GET "/" for 127.0.0.1 at 2018-09-11 11:56:07 -0400
Processing by StaticPagesController#root as HTML
  Rendering static_pages/root.html.erb within layouts/application
  Rendered static_pages/root.html.erb within layouts/application (0.8ms)
Completed 200 OK in 23ms (Views: 21.3ms | ActiveRecord: 0.0ms)


Started POST "/api/session" for 127.0.0.1 at 2018-09-11 11:56:13 -0400
Processing by Api::SessionsController#create as JSON
  Parameters: {"user"=>{"username"=>"Blake", "password"=>"[FILTERED]"}}
Completed 500 Internal Server Error in 58ms (ActiveRecord: 0.0ms)


  
SyntaxError (/Users/qidizhai/userlogin/app/models/user.rb:1: class/module name must be CONSTANT
class user < ApplicationRecord
           ^):
  
app/models/user.rb:1: class/module name must be CONSTANT
app/controllers/api/sessions_controller.rb:3:in `create'
Started GET "/" for 127.0.0.1 at 2018-09-11 11:57:37 -0400
Processing by StaticPagesController#root as HTML
  Rendering static_pages/root.html.erb within layouts/application
  Rendered static_pages/root.html.erb within layouts/application (1.0ms)
Completed 200 OK in 105ms (Views: 103.5ms | ActiveRecord: 0.0ms)


Started POST "/api/session" for 127.0.0.1 at 2018-09-11 11:57:44 -0400
Processing by Api::SessionsController#create as JSON
  Parameters: {"user"=>{"username"=>"Blake", "password"=>"[FILTERED]"}}
Completed 500 Internal Server Error in 60ms (ActiveRecord: 0.0ms)


  
SyntaxError (/Users/qidizhai/userlogin/app/models/user.rb:1: class/module name must be CONSTANT
class user < ApplicationRecord
           ^):
  
app/models/user.rb:1: class/module name must be CONSTANT
app/controllers/api/sessions_controller.rb:3:in `create'
Started GET "/" for 127.0.0.1 at 2018-09-11 11:59:11 -0400
Processing by StaticPagesController#root as HTML
  Rendering static_pages/root.html.erb within layouts/application
  Rendered static_pages/root.html.erb within layouts/application (1.1ms)
Completed 200 OK in 194ms (Views: 192.4ms | ActiveRecord: 0.0ms)


Started POST "/api/session" for 127.0.0.1 at 2018-09-11 11:59:18 -0400
Processing by Api::SessionsController#create as JSON
  Parameters: {"user"=>{"username"=>"Blake", "password"=>"[FILTERED]"}}
  [1m[36mUser Load (174.6ms)[0m  [1m[34mSELECT  "users".* FROM "users" WHERE "users"."username" = $1 LIMIT $2[0m  [["username", "Blake"], ["LIMIT", 1]]
  ↳ app/models/user.rb:12
Completed 401 Unauthorized in 432ms (Views: 0.3ms | ActiveRecord: 221.9ms)


Started GET "/" for 127.0.0.1 at 2018-09-11 12:01:20 -0400
Processing by StaticPagesController#root as HTML
  Rendering static_pages/root.html.erb within layouts/application
  Rendered static_pages/root.html.erb within layouts/application (1.2ms)
Completed 200 OK in 145ms (Views: 142.6ms | ActiveRecord: 0.0ms)


Started POST "/api/session" for 127.0.0.1 at 2018-09-11 12:01:29 -0400
Processing by Api::SessionsController#create as JSON
  Parameters: {"user"=>{"username"=>"Blake", "password"=>"[FILTERED]"}}
  [1m[36mUser Load (0.8ms)[0m  [1m[34mSELECT  "users".* FROM "users" WHERE "users"."username" = $1 LIMIT $2[0m  [["username", "Blake"], ["LIMIT", 1]]
  ↳ app/models/user.rb:12
Completed 401 Unauthorized in 61ms (Views: 0.2ms | ActiveRecord: 3.8ms)


Started GET "/" for 127.0.0.1 at 2018-09-11 12:02:56 -0400
Processing by StaticPagesController#root as HTML
  Rendering static_pages/root.html.erb within layouts/application
  Rendered static_pages/root.html.erb within layouts/application (4.9ms)
Completed 200 OK in 243ms (Views: 236.1ms | ActiveRecord: 0.0ms)


Started POST "/api/session" for 127.0.0.1 at 2018-09-11 12:03:07 -0400
Processing by Api::SessionsController#create as JSON
  Parameters: {"user"=>{"username"=>"blake", "password"=>"[FILTERED]"}}
  [1m[36mUser Load (1.1ms)[0m  [1m[34mSELECT  "users".* FROM "users" WHERE "users"."username" = $1 LIMIT $2[0m  [["username", "blake"], ["LIMIT", 1]]
  ↳ app/models/user.rb:12
Completed 401 Unauthorized in 11ms (Views: 1.3ms | ActiveRecord: 1.1ms)


Started GET "/" for 127.0.0.1 at 2018-09-11 12:04:56 -0400
Processing by StaticPagesController#root as HTML
  Rendering static_pages/root.html.erb within layouts/application
  Rendered static_pages/root.html.erb within layouts/application (3.7ms)
Completed 200 OK in 584ms (Views: 582.1ms | ActiveRecord: 0.0ms)


Started POST "/api/session" for 127.0.0.1 at 2018-09-11 12:05:07 -0400
Processing by Api::SessionsController#create as JSON
  Parameters: {"user"=>{"username"=>"Blake", "password"=>"[FILTERED]"}}
  [1m[36mUser Load (0.7ms)[0m  [1m[34mSELECT  "users".* FROM "users" WHERE "users"."username" = $1 LIMIT $2[0m  [["username", "Blake"], ["LIMIT", 1]]
  ↳ app/models/user.rb:12
Completed 401 Unauthorized in 3ms (Views: 0.2ms | ActiveRecord: 0.7ms)


Started POST "/api/user" for 127.0.0.1 at 2018-09-11 12:05:40 -0400
Processing by Api::UsersController#create as JSON
  Parameters: {"user"=>{"username"=>"Blake", "password"=>"[FILTERED]"}}
  [1m[36mUser Load (0.4ms)[0m  [1m[34mSELECT  "users".* FROM "users" WHERE "users"."session_token" = $1 LIMIT $2[0m  [["session_token", "V2zsufUBr4hTJ4VImZeDQw"], ["LIMIT", 1]]
  ↳ app/models/user.rb:44
  [1m[35m (24.3ms)[0m  [1m[35mBEGIN[0m
  ↳ app/controllers/api/users_controller.rb:5
  [1m[36mUser Exists (0.6ms)[0m  [1m[34mSELECT  1 AS one FROM "users" WHERE "users"."username" = $1 LIMIT $2[0m  [["username", "Blake"], ["LIMIT", 1]]
  ↳ app/controllers/api/users_controller.rb:5
  [1m[36mUser Create (106.4ms)[0m  [1m[32mINSERT INTO "users" ("username", "password_digest", "session_token") VALUES ($1, $2, $3) RETURNING "id"[0m  [["username", "Blake"], ["password_digest", "$2a$10$vlOzrR5CGym2tEVZnekA0eO9Vtq6/ZpPAYiMT0ymAMmWBtm2IG2Oy"], ["session_token", "V2zsufUBr4hTJ4VImZeDQw"]]
  ↳ app/controllers/api/users_controller.rb:5
  [1m[35m (46.7ms)[0m  [1m[35mCOMMIT[0m
  ↳ app/controllers/api/users_controller.rb:5
  [1m[36mUser Load (23.5ms)[0m  [1m[34mSELECT  "users".* FROM "users" WHERE "users"."session_token" = $1 LIMIT $2[0m  [["session_token", "c1HWVAduDe1tf9q1A-P1Jg"], ["LIMIT", 1]]
  ↳ app/models/user.rb:44
  [1m[35m (0.3ms)[0m  [1m[35mBEGIN[0m
  ↳ app/models/user.rb:28
  [1m[36mUser Exists (1.6ms)[0m  [1m[34mSELECT  1 AS one FROM "users" WHERE "users"."username" = $1 AND "users"."id" != $2 LIMIT $3[0m  [["username", "Blake"], ["id", 1], ["LIMIT", 1]]
  ↳ app/models/user.rb:28
  [1m[36mUser Update (18.1ms)[0m  [1m[33mUPDATE "users" SET "session_token" = $1 WHERE "users"."id" = $2[0m  [["session_token", "c1HWVAduDe1tf9q1A-P1Jg"], ["id", 1]]
  ↳ app/models/user.rb:28
  [1m[35m (0.7ms)[0m  [1m[35mCOMMIT[0m
  ↳ app/models/user.rb:28
  Rendering api/users/show.json.jbuilder
  Rendered api/users/_user.json.jbuilder (0.6ms)
  Rendered api/users/show.json.jbuilder (147.6ms)
Completed 200 OK in 661ms (Views: 166.9ms | ActiveRecord: 354.8ms)


Started GET "/" for 127.0.0.1 at 2018-09-11 12:06:40 -0400
Processing by StaticPagesController#root as HTML
  Rendering static_pages/root.html.erb within layouts/application
  [1m[36mUser Load (0.5ms)[0m  [1m[34mSELECT  "users".* FROM "users" WHERE "users"."session_token" = $1 LIMIT $2[0m  [["session_token", "c1HWVAduDe1tf9q1A-P1Jg"], ["LIMIT", 1]]
  ↳ app/controllers/application_controller.rb:10
  Rendered api/users/_user.json.jbuilder (1.1ms)
  Rendered static_pages/root.html.erb within layouts/application (94.5ms)
Completed 200 OK in 388ms (Views: 385.6ms | ActiveRecord: 0.5ms)


Started GET "/" for 127.0.0.1 at 2018-09-11 13:25:19 -0400
Processing by StaticPagesController#root as HTML
  Rendering static_pages/root.html.erb within layouts/application
  [1m[36mUser Load (2.1ms)[0m  [1m[34mSELECT  "users".* FROM "users" WHERE "users"."session_token" = $1 LIMIT $2[0m  [["session_token", "c1HWVAduDe1tf9q1A-P1Jg"], ["LIMIT", 1]]
  ↳ app/controllers/application_controller.rb:10
  Rendered api/users/_user.json.jbuilder (1.9ms)
  Rendered static_pages/root.html.erb within layouts/application (39.7ms)
Completed 200 OK in 350ms (Views: 344.8ms | ActiveRecord: 2.1ms)


Started GET "/" for 127.0.0.1 at 2018-09-11 13:29:19 -0400
  [1m[35m (1.4ms)[0m  [1m[34mSELECT "schema_migrations"."version" FROM "schema_migrations" ORDER BY "schema_migrations"."version" ASC[0m
  ↳ /Users/qidizhai/.rvm/gems/ruby-2.5.0/gems/activerecord-5.2.1/lib/active_record/log_subscriber.rb:98
Processing by StaticPagesController#root as HTML
  Rendering static_pages/root.html.erb within layouts/application
  [1m[36mUser Load (14.8ms)[0m  [1m[34mSELECT  "users".* FROM "users" WHERE "users"."session_token" = $1 LIMIT $2[0m  [["session_token", "c1HWVAduDe1tf9q1A-P1Jg"], ["LIMIT", 1]]
  ↳ app/controllers/application_controller.rb:10
  Rendered api/users/_user.json.jbuilder (16.6ms)
  Rendered static_pages/root.html.erb within layouts/application (127.7ms)
Completed 200 OK in 4321ms (Views: 4290.6ms | ActiveRecord: 27.6ms)


Started GET "/" for 127.0.0.1 at 2018-09-11 13:30:17 -0400
Processing by StaticPagesController#root as HTML
  Rendering static_pages/root.html.erb within layouts/application
  [1m[36mUser Load (0.9ms)[0m  [1m[34mSELECT  "users".* FROM "users" WHERE "users"."session_token" = $1 LIMIT $2[0m  [["session_token", "c1HWVAduDe1tf9q1A-P1Jg"], ["LIMIT", 1]]
  ↳ app/controllers/application_controller.rb:10
  Rendered api/users/_user.json.jbuilder (0.8ms)
  Rendered static_pages/root.html.erb within layouts/application (26.0ms)
Completed 200 OK in 205ms (Views: 200.7ms | ActiveRecord: 0.9ms)


Started GET "/" for 127.0.0.1 at 2018-09-11 13:31:08 -0400
Processing by StaticPagesController#root as HTML
  Rendering static_pages/root.html.erb within layouts/application
  [1m[36mUser Load (0.9ms)[0m  [1m[34mSELECT  "users".* FROM "users" WHERE "users"."session_token" = $1 LIMIT $2[0m  [["session_token", "c1HWVAduDe1tf9q1A-P1Jg"], ["LIMIT", 1]]
  ↳ app/controllers/application_controller.rb:10
  Rendered api/users/_user.json.jbuilder (0.8ms)
  Rendered static_pages/root.html.erb within layouts/application (23.2ms)
Completed 200 OK in 115ms (Views: 111.1ms | ActiveRecord: 0.9ms)


Started GET "/" for 127.0.0.1 at 2018-09-11 13:31:11 -0400
Processing by StaticPagesController#root as HTML
  Rendering static_pages/root.html.erb within layouts/application
  [1m[36mUser Load (0.7ms)[0m  [1m[34mSELECT  "users".* FROM "users" WHERE "users"."session_token" = $1 LIMIT $2[0m  [["session_token", "c1HWVAduDe1tf9q1A-P1Jg"], ["LIMIT", 1]]
  ↳ app/controllers/application_controller.rb:10
  Rendered api/users/_user.json.jbuilder (0.8ms)
  Rendered static_pages/root.html.erb within layouts/application (6.6ms)
Completed 200 OK in 50ms (Views: 45.9ms | ActiveRecord: 0.7ms)


Started GET "/" for 127.0.0.1 at 2018-09-11 13:38:48 -0400
Processing by StaticPagesController#root as HTML
  Rendering static_pages/root.html.erb within layouts/application
  [1m[36mUser Load (3.1ms)[0m  [1m[34mSELECT  "users".* FROM "users" WHERE "users"."session_token" = $1 LIMIT $2[0m  [["session_token", "c1HWVAduDe1tf9q1A-P1Jg"], ["LIMIT", 1]]
  ↳ app/controllers/application_controller.rb:10
  Rendered api/users/_user.json.jbuilder (1.7ms)
  Rendered static_pages/root.html.erb within layouts/application (15.1ms)
Completed 200 OK in 366ms (Views: 359.4ms | ActiveRecord: 3.1ms)


Started DELETE "/api/session" for 127.0.0.1 at 2018-09-11 13:38:53 -0400
Processing by Api::SessionsController#destroy as JSON
  [1m[36mUser Load (0.8ms)[0m  [1m[34mSELECT  "users".* FROM "users" WHERE "users"."session_token" = $1 LIMIT $2[0m  [["session_token", "c1HWVAduDe1tf9q1A-P1Jg"], ["LIMIT", 1]]
  ↳ app/controllers/application_controller.rb:10
  [1m[36mUser Load (0.6ms)[0m  [1m[34mSELECT  "users".* FROM "users" WHERE "users"."session_token" = $1 LIMIT $2[0m  [["session_token", "yvhIgYns84ogg1vb_C3POA"], ["LIMIT", 1]]
  ↳ app/models/user.rb:44
  [1m[35m (0.2ms)[0m  [1m[35mBEGIN[0m
  ↳ app/models/user.rb:28
  [1m[36mUser Exists (18.1ms)[0m  [1m[34mSELECT  1 AS one FROM "users" WHERE "users"."username" = $1 AND "users"."id" != $2 LIMIT $3[0m  [["username", "Blake"], ["id", 1], ["LIMIT", 1]]
  ↳ app/models/user.rb:28
  [1m[36mUser Update (1.3ms)[0m  [1m[33mUPDATE "users" SET "session_token" = $1 WHERE "users"."id" = $2[0m  [["session_token", "yvhIgYns84ogg1vb_C3POA"], ["id", 1]]
  ↳ app/models/user.rb:28
  [1m[35m (21.8ms)[0m  [1m[35mCOMMIT[0m
  ↳ app/models/user.rb:28
  Rendering api/users/show.json.jbuilder
  Rendered api/users/_user.json.jbuilder (0.5ms)
  Rendered api/users/show.json.jbuilder (3.0ms)
Completed 200 OK in 89ms (Views: 31.6ms | ActiveRecord: 42.9ms)


Started POST "/api/session" for 127.0.0.1 at 2018-09-11 13:40:00 -0400
Processing by Api::SessionsController#create as JSON
  Parameters: {"user"=>{"username"=>"Blake", "password"=>"[FILTERED]"}}
  [1m[36mUser Load (0.4ms)[0m  [1m[34mSELECT  "users".* FROM "users" WHERE "users"."username" = $1 LIMIT $2[0m  [["username", "Blake"], ["LIMIT", 1]]
  ↳ app/models/user.rb:12
Completed 401 Unauthorized in 103ms (Views: 0.3ms | ActiveRecord: 0.8ms)


Started POST "/api/session" for 127.0.0.1 at 2018-09-11 13:40:05 -0400
Processing by Api::SessionsController#create as JSON
  Parameters: {"user"=>{"username"=>"Blake", "password"=>"[FILTERED]"}}
  [1m[36mUser Load (0.5ms)[0m  [1m[34mSELECT  "users".* FROM "users" WHERE "users"."username" = $1 LIMIT $2[0m  [["username", "Blake"], ["LIMIT", 1]]
  ↳ app/models/user.rb:12
  [1m[36mUser Load (0.4ms)[0m  [1m[34mSELECT  "users".* FROM "users" WHERE "users"."session_token" = $1 LIMIT $2[0m  [["session_token", "YN92PVIfdMgUyvekxgyi3A"], ["LIMIT", 1]]
  ↳ app/models/user.rb:44
  [1m[35m (0.2ms)[0m  [1m[35mBEGIN[0m
  ↳ app/models/user.rb:28
  [1m[36mUser Exists (0.6ms)[0m  [1m[34mSELECT  1 AS one FROM "users" WHERE "users"."username" = $1 AND "users"."id" != $2 LIMIT $3[0m  [["username", "Blake"], ["id", 1], ["LIMIT", 1]]
  ↳ app/models/user.rb:28
  [1m[36mUser Update (0.7ms)[0m  [1m[33mUPDATE "users" SET "session_token" = $1 WHERE "users"."id" = $2[0m  [["session_token", "YN92PVIfdMgUyvekxgyi3A"], ["id", 1]]
  ↳ app/models/user.rb:28
  [1m[35m (0.7ms)[0m  [1m[35mCOMMIT[0m
  ↳ app/models/user.rb:28
  Rendering api/users/show.json.jbuilder
  Rendered api/users/_user.json.jbuilder (0.3ms)
  Rendered api/users/show.json.jbuilder (1.4ms)
Completed 200 OK in 116ms (Views: 6.3ms | ActiveRecord: 3.1ms)


Started DELETE "/api/session" for 127.0.0.1 at 2018-09-11 13:40:07 -0400
Processing by Api::SessionsController#destroy as JSON
  [1m[36mUser Load (0.5ms)[0m  [1m[34mSELECT  "users".* FROM "users" WHERE "users"."session_token" = $1 LIMIT $2[0m  [["session_token", "YN92PVIfdMgUyvekxgyi3A"], ["LIMIT", 1]]
  ↳ app/controllers/application_controller.rb:10
  [1m[36mUser Load (0.4ms)[0m  [1m[34mSELECT  "users".* FROM "users" WHERE "users"."session_token" = $1 LIMIT $2[0m  [["session_token", "bI_nj2_jHifa4txczyUzwA"], ["LIMIT", 1]]
  ↳ app/models/user.rb:44
  [1m[35m (0.2ms)[0m  [1m[35mBEGIN[0m
  ↳ app/models/user.rb:28
  [1m[36mUser Exists (0.6ms)[0m  [1m[34mSELECT  1 AS one FROM "users" WHERE "users"."username" = $1 AND "users"."id" != $2 LIMIT $3[0m  [["username", "Blake"], ["id", 1], ["LIMIT", 1]]
  ↳ app/models/user.rb:28
  [1m[36mUser Update (0.5ms)[0m  [1m[33mUPDATE "users" SET "session_token" = $1 WHERE "users"."id" = $2[0m  [["session_token", "bI_nj2_jHifa4txczyUzwA"], ["id", 1]]
  ↳ app/models/user.rb:28
  [1m[35m (22.3ms)[0m  [1m[35mCOMMIT[0m
  ↳ app/models/user.rb:28
  Rendering api/users/show.json.jbuilder
  Rendered api/users/_user.json.jbuilder (0.3ms)
  Rendered api/users/show.json.jbuilder (2.0ms)
Completed 200 OK in 41ms (Views: 10.4ms | ActiveRecord: 24.5ms)


Started GET "/" for 127.0.0.1 at 2018-09-11 13:41:38 -0400
Processing by StaticPagesController#root as HTML
  Rendering static_pages/root.html.erb within layouts/application
  Rendered static_pages/root.html.erb within layouts/application (1.0ms)
Completed 200 OK in 103ms (Views: 100.7ms | ActiveRecord: 0.0ms)


Started GET "/" for 127.0.0.1 at 2018-09-11 13:45:37 -0400
Processing by StaticPagesController#root as HTML
  Rendering static_pages/root.html.erb within layouts/application
  Rendered static_pages/root.html.erb within layouts/application (5.3ms)
Completed 200 OK in 454ms (Views: 448.5ms | ActiveRecord: 0.0ms)


Started GET "/" for 127.0.0.1 at 2018-09-11 14:11:14 -0400
  [1m[35m (1.9ms)[0m  [1m[34mSELECT "schema_migrations"."version" FROM "schema_migrations" ORDER BY "schema_migrations"."version" ASC[0m
  ↳ /Users/qidizhai/.rvm/gems/ruby-2.5.0/gems/activerecord-5.2.1/lib/active_record/log_subscriber.rb:98
Processing by StaticPagesController#root as HTML
  Rendering static_pages/root.html.erb within layouts/application
  Rendered static_pages/root.html.erb within layouts/application (78.2ms)
Completed 200 OK in 2672ms (Views: 2668.6ms | ActiveRecord: 0.0ms)


Started POST "/api/session" for 127.0.0.1 at 2018-09-11 14:11:43 -0400
Processing by Api::SessionsController#create as JSON
  Parameters: {"user"=>{"username"=>"Blake", "password"=>"[FILTERED]"}}
  [1m[36mUser Load (88.9ms)[0m  [1m[34mSELECT  "users".* FROM "users" WHERE "users"."username" = $1 LIMIT $2[0m  [["username", "Blake"], ["LIMIT", 1]]
  ↳ app/models/user.rb:12
Completed 401 Unauthorized in 364ms (Views: 0.2ms | ActiveRecord: 208.1ms)


Started POST "/api/session" for 127.0.0.1 at 2018-09-11 14:11:49 -0400
Processing by Api::SessionsController#create as JSON
  Parameters: {"user"=>{"username"=>"Blake", "password"=>"[FILTERED]"}}
  [1m[36mUser Load (0.7ms)[0m  [1m[34mSELECT  "users".* FROM "users" WHERE "users"."username" = $1 LIMIT $2[0m  [["username", "Blake"], ["LIMIT", 1]]
  ↳ app/models/user.rb:12
  [1m[36mUser Load (0.4ms)[0m  [1m[34mSELECT  "users".* FROM "users" WHERE "users"."session_token" = $1 LIMIT $2[0m  [["session_token", "lnghVTFQG-qxVoA0orsdUA"], ["LIMIT", 1]]
  ↳ app/models/user.rb:44
  [1m[35m (22.3ms)[0m  [1m[35mBEGIN[0m
  ↳ app/models/user.rb:28
  [1m[36mUser Exists (1.3ms)[0m  [1m[34mSELECT  1 AS one FROM "users" WHERE "users"."username" = $1 AND "users"."id" != $2 LIMIT $3[0m  [["username", "Blake"], ["id", 1], ["LIMIT", 1]]
  ↳ app/models/user.rb:28
  [1m[36mUser Update (165.2ms)[0m  [1m[33mUPDATE "users" SET "session_token" = $1 WHERE "users"."id" = $2[0m  [["session_token", "lnghVTFQG-qxVoA0orsdUA"], ["id", 1]]
  ↳ app/models/user.rb:28
  [1m[35m (13.2ms)[0m  [1m[35mCOMMIT[0m
  ↳ app/models/user.rb:28
  Rendering api/users/show.json.jbuilder
  Rendered api/users/_user.json.jbuilder (0.9ms)
  Rendered api/users/show.json.jbuilder (56.7ms)
Completed 200 OK in 387ms (Views: 87.8ms | ActiveRecord: 203.0ms)


Started DELETE "/api/session" for 127.0.0.1 at 2018-09-11 14:11:53 -0400
Processing by Api::SessionsController#destroy as JSON
  [1m[36mUser Load (0.7ms)[0m  [1m[34mSELECT  "users".* FROM "users" WHERE "users"."session_token" = $1 LIMIT $2[0m  [["session_token", "lnghVTFQG-qxVoA0orsdUA"], ["LIMIT", 1]]
  ↳ app/controllers/application_controller.rb:10
  [1m[36mUser Load (0.9ms)[0m  [1m[34mSELECT  "users".* FROM "users" WHERE "users"."session_token" = $1 LIMIT $2[0m  [["session_token", "L-z4tHxyZ_tpEzFznAidxA"], ["LIMIT", 1]]
  ↳ app/models/user.rb:44
  [1m[35m (0.3ms)[0m  [1m[35mBEGIN[0m
  ↳ app/models/user.rb:28
  [1m[36mUser Exists (0.9ms)[0m  [1m[34mSELECT  1 AS one FROM "users" WHERE "users"."username" = $1 AND "users"."id" != $2 LIMIT $3[0m  [["username", "Blake"], ["id", 1], ["LIMIT", 1]]
  ↳ app/models/user.rb:28
  [1m[36mUser Update (0.8ms)[0m  [1m[33mUPDATE "users" SET "session_token" = $1 WHERE "users"."id" = $2[0m  [["session_token", "L-z4tHxyZ_tpEzFznAidxA"], ["id", 1]]
  ↳ app/models/user.rb:28
  [1m[35m (0.7ms)[0m  [1m[35mCOMMIT[0m
  ↳ app/models/user.rb:28
  Rendering api/users/show.json.jbuilder
  Rendered api/users/_user.json.jbuilder (0.3ms)
  Rendered api/users/show.json.jbuilder (1.9ms)
Completed 200 OK in 20ms (Views: 7.9ms | ActiveRecord: 4.3ms)


Started GET "/" for 127.0.0.1 at 2018-09-11 14:36:20 -0400
Processing by StaticPagesController#root as HTML
  Rendering static_pages/root.html.erb within layouts/application
  Rendered static_pages/root.html.erb within layouts/application (1.4ms)
Completed 200 OK in 220ms (Views: 208.9ms | ActiveRecord: 0.0ms)


Started GET "/" for 127.0.0.1 at 2018-09-11 14:36:46 -0400
Processing by StaticPagesController#root as HTML
  Rendering static_pages/root.html.erb within layouts/application
  Rendered static_pages/root.html.erb within layouts/application (0.7ms)
Completed 200 OK in 32ms (Views: 29.5ms | ActiveRecord: 0.0ms)


Started GET "/" for 127.0.0.1 at 2018-09-11 14:58:57 -0400
Processing by StaticPagesController#root as HTML
  Rendering static_pages/root.html.erb within layouts/application
  Rendered static_pages/root.html.erb within layouts/application (13.6ms)
Completed 200 OK in 823ms (Views: 795.4ms | ActiveRecord: 0.0ms)


Started GET "/" for 127.0.0.1 at 2018-09-11 14:59:21 -0400
Processing by StaticPagesController#root as HTML
  Rendering static_pages/root.html.erb within layouts/application
  Rendered static_pages/root.html.erb within layouts/application (1.4ms)
Completed 200 OK in 376ms (Views: 369.5ms | ActiveRecord: 0.0ms)


Started GET "/" for 127.0.0.1 at 2018-09-11 15:00:28 -0400
Processing by StaticPagesController#root as HTML
  Rendering static_pages/root.html.erb within layouts/application
  Rendered static_pages/root.html.erb within layouts/application (18.7ms)
Completed 200 OK in 853ms (Views: 835.0ms | ActiveRecord: 0.0ms)


Started GET "/" for 127.0.0.1 at 2018-09-11 15:00:54 -0400
Processing by StaticPagesController#root as HTML
  Rendering static_pages/root.html.erb within layouts/application
  Rendered static_pages/root.html.erb within layouts/application (1.4ms)
Completed 200 OK in 446ms (Views: 430.3ms | ActiveRecord: 0.0ms)


Started GET "/" for 127.0.0.1 at 2018-09-11 15:08:18 -0400
Processing by StaticPagesController#root as HTML
  Rendering static_pages/root.html.erb within layouts/application
  Rendered static_pages/root.html.erb within layouts/application (9.4ms)
Completed 200 OK in 812ms (Views: 796.4ms | ActiveRecord: 0.0ms)


Started GET "/" for 127.0.0.1 at 2018-09-11 15:08:37 -0400
Processing by StaticPagesController#root as HTML
  Rendering static_pages/root.html.erb within layouts/application
  Rendered static_pages/root.html.erb within layouts/application (1.3ms)
Completed 200 OK in 449ms (Views: 429.9ms | ActiveRecord: 0.0ms)


Started GET "/" for 127.0.0.1 at 2018-09-11 15:14:20 -0400
Processing by StaticPagesController#root as HTML
  Rendering static_pages/root.html.erb within layouts/application
  Rendered static_pages/root.html.erb within layouts/application (6.8ms)
Completed 200 OK in 601ms (Views: 575.6ms | ActiveRecord: 0.0ms)


Started GET "/" for 127.0.0.1 at 2018-09-11 15:16:34 -0400
Processing by StaticPagesController#root as HTML
  Rendering static_pages/root.html.erb within layouts/application
  Rendered static_pages/root.html.erb within layouts/application (1.0ms)
Completed 200 OK in 239ms (Views: 197.9ms | ActiveRecord: 0.0ms)


Started GET "/" for 127.0.0.1 at 2018-09-11 15:17:40 -0400
Processing by StaticPagesController#root as HTML
  Rendering static_pages/root.html.erb within layouts/application
  Rendered static_pages/root.html.erb within layouts/application (0.8ms)
Completed 200 OK in 141ms (Views: 132.4ms | ActiveRecord: 0.0ms)


Started GET "/" for 127.0.0.1 at 2018-09-11 15:19:31 -0400
Processing by StaticPagesController#root as HTML
  Rendering static_pages/root.html.erb within layouts/application
  Rendered static_pages/root.html.erb within layouts/application (1.4ms)
Completed 200 OK in 238ms (Views: 220.4ms | ActiveRecord: 0.0ms)


Started GET "/" for 127.0.0.1 at 2018-09-11 15:19:41 -0400
Processing by StaticPagesController#root as HTML
  Rendering static_pages/root.html.erb within layouts/application
  Rendered static_pages/root.html.erb within layouts/application (2.9ms)
Completed 200 OK in 126ms (Views: 123.1ms | ActiveRecord: 0.0ms)


Started GET "/" for 127.0.0.1 at 2018-09-11 15:23:02 -0400
Processing by StaticPagesController#root as HTML
  Rendering static_pages/root.html.erb within layouts/application
  Rendered static_pages/root.html.erb within layouts/application (0.9ms)
Completed 200 OK in 304ms (Views: 287.6ms | ActiveRecord: 0.0ms)


Started GET "/" for 127.0.0.1 at 2018-09-11 15:23:25 -0400
Processing by StaticPagesController#root as HTML
  Rendering static_pages/root.html.erb within layouts/application
  Rendered static_pages/root.html.erb within layouts/application (1.1ms)
Completed 200 OK in 152ms (Views: 143.2ms | ActiveRecord: 0.0ms)


Started GET "/" for 127.0.0.1 at 2018-09-11 15:23:48 -0400
Processing by StaticPagesController#root as HTML
  Rendering static_pages/root.html.erb within layouts/application
  Rendered static_pages/root.html.erb within layouts/application (1.0ms)
Completed 200 OK in 45ms (Views: 42.8ms | ActiveRecord: 0.0ms)


Started GET "/" for 127.0.0.1 at 2018-09-11 15:23:55 -0400
Processing by StaticPagesController#root as HTML
  Rendering static_pages/root.html.erb within layouts/application
  Rendered static_pages/root.html.erb within layouts/application (1.1ms)
Completed 200 OK in 104ms (Views: 100.9ms | ActiveRecord: 0.0ms)


Started GET "/" for 127.0.0.1 at 2018-09-11 15:24:04 -0400
Processing by StaticPagesController#root as HTML
  Rendering static_pages/root.html.erb within layouts/application
  Rendered static_pages/root.html.erb within layouts/application (0.9ms)
Completed 200 OK in 45ms (Views: 43.0ms | ActiveRecord: 0.0ms)


Started GET "/" for 127.0.0.1 at 2018-09-11 15:25:43 -0400
Processing by StaticPagesController#root as HTML
  Rendering static_pages/root.html.erb within layouts/application
  Rendered static_pages/root.html.erb within layouts/application (12.9ms)
Completed 200 OK in 396ms (Views: 355.0ms | ActiveRecord: 0.0ms)


Started GET "/" for 127.0.0.1 at 2018-09-11 15:26:12 -0400
Processing by StaticPagesController#root as HTML
  Rendering static_pages/root.html.erb within layouts/application
  Rendered static_pages/root.html.erb within layouts/application (1.8ms)
Completed 200 OK in 183ms (Views: 143.2ms | ActiveRecord: 0.0ms)


Started GET "/" for 127.0.0.1 at 2018-09-11 15:28:50 -0400
Processing by StaticPagesController#root as HTML
  Rendering static_pages/root.html.erb within layouts/application
  Rendered static_pages/root.html.erb within layouts/application (6.4ms)
Completed 200 OK in 291ms (Views: 266.1ms | ActiveRecord: 0.0ms)


Started GET "/" for 127.0.0.1 at 2018-09-11 15:28:53 -0400
Processing by StaticPagesController#root as HTML
  Rendering static_pages/root.html.erb within layouts/application
  Rendered static_pages/root.html.erb within layouts/application (1.7ms)
Completed 200 OK in 127ms (Views: 124.1ms | ActiveRecord: 0.0ms)


Started GET "/" for 127.0.0.1 at 2018-09-11 15:29:28 -0400
Processing by StaticPagesController#root as HTML
  Rendering static_pages/root.html.erb within layouts/application
  Rendered static_pages/root.html.erb within layouts/application (1.0ms)
Completed 200 OK in 459ms (Views: 438.5ms | ActiveRecord: 0.0ms)


Started GET "/" for 127.0.0.1 at 2018-09-11 15:29:31 -0400
Processing by StaticPagesController#root as HTML
  Rendering static_pages/root.html.erb within layouts/application
  Rendered static_pages/root.html.erb within layouts/application (1.4ms)
Completed 200 OK in 64ms (Views: 58.7ms | ActiveRecord: 0.0ms)


Started GET "/" for 127.0.0.1 at 2018-09-11 15:43:01 -0400
Processing by StaticPagesController#root as HTML
  Rendering static_pages/root.html.erb within layouts/application
  Rendered static_pages/root.html.erb within layouts/application (3.9ms)
Completed 200 OK in 370ms (Views: 356.7ms | ActiveRecord: 0.0ms)


Started GET "/" for 127.0.0.1 at 2018-09-11 15:43:44 -0400
Processing by StaticPagesController#root as HTML
  Rendering static_pages/root.html.erb within layouts/application
  Rendered static_pages/root.html.erb within layouts/application (1.5ms)
Completed 200 OK in 124ms (Views: 116.3ms | ActiveRecord: 0.0ms)


Started GET "/" for 127.0.0.1 at 2018-09-11 15:43:46 -0400
Processing by StaticPagesController#root as HTML
  Rendering static_pages/root.html.erb within layouts/application
  Rendered static_pages/root.html.erb within layouts/application (1.3ms)
Completed 200 OK in 33ms (Views: 30.8ms | ActiveRecord: 0.0ms)


Started GET "/" for 127.0.0.1 at 2018-09-11 15:44:00 -0400
Processing by StaticPagesController#root as HTML
  Rendering static_pages/root.html.erb within layouts/application
  Rendered static_pages/root.html.erb within layouts/application (1.6ms)
Completed 200 OK in 329ms (Views: 311.4ms | ActiveRecord: 0.0ms)


Started GET "/" for 127.0.0.1 at 2018-09-11 15:45:17 -0400
Processing by StaticPagesController#root as HTML
  Rendering static_pages/root.html.erb within layouts/application
  Rendered static_pages/root.html.erb within layouts/application (6.8ms)
Completed 200 OK in 276ms (Views: 259.3ms | ActiveRecord: 0.0ms)


Started GET "/" for 127.0.0.1 at 2018-09-11 15:47:12 -0400
Processing by StaticPagesController#root as HTML
  Rendering static_pages/root.html.erb within layouts/application
  Rendered static_pages/root.html.erb within layouts/application (1.3ms)
Completed 200 OK in 166ms (Views: 148.4ms | ActiveRecord: 0.0ms)


Started GET "/" for 127.0.0.1 at 2018-09-11 17:29:40 -0400
  [1m[35m (75.8ms)[0m  [1m[34mSELECT "schema_migrations"."version" FROM "schema_migrations" ORDER BY "schema_migrations"."version" ASC[0m
  ↳ /Users/qidizhai/.rvm/gems/ruby-2.5.0/gems/activerecord-5.2.1/lib/active_record/log_subscriber.rb:98
Processing by StaticPagesController#root as HTML
  Rendering static_pages/root.html.erb within layouts/application
  Rendered static_pages/root.html.erb within layouts/application (34.8ms)
Started GET "/" for 127.0.0.1 at 2018-09-11 17:29:45 -0400
Processing by StaticPagesController#root as HTML
  Rendering static_pages/root.html.erb within layouts/application
  Rendered static_pages/root.html.erb within layouts/application (1.1ms)
Completed 200 OK in 3104ms (Views: 3100.1ms | ActiveRecord: 0.0ms)


Completed 200 OK in 3855ms (Views: 3830.9ms | ActiveRecord: 0.0ms)


